Running job 1 based on command line options.

Running block 000001 in query 000001

Running with these settings:
--filter-threshold = 5.0E-6
--help = false
--max-shift = 0.2
--min-olap-length = 500
--min-store-length = 0
--no-rc = false
--no-self = false
--no-tf = false
--num-hashes = 768
--num-min-matches = 2
--num-threads = 16
--ordered-kmer-size = 12
--ordered-sketch-size = 1536
--repeat-idf-scale = 10.0
--repeat-weight = 0.9
--settings = 0
--store-full-id = false
--supress-noise = 0
--threshold = 0.78
--version = false
-f = 
-h = false
-k = 16
-p = 
-q = queries/000001
-s = ./blocks/000001.dat

Processing files for storage in reverse index...
Stored 1708 sequences in the index.
Processed 1708 unique sequences (fwd and rev).
Time (s) to read and hash from file: 1.320201835
Time (s) to score and output to self: 1.420383294
Total scoring time (s): 1.4240559780000002
Total time (s): 2.744738409
MinHash search time (s): 3.0775083810000003
Total matches found: 431
Average number of matches per lookup: 0.5046838407494145
Average number of table elements processed per lookup: 796.8934426229508
Average number of table elements processed per match: 1578.9953596287703
Average % of hashed sequences hit per lookup: 1.5138842422214787
Average % of hashed sequences hit that are matches: 1.9518159586993933
Average % of hashed sequences fully compared that are matches: 32.38166791885801
