Running job 1 based on command line options.
Dumping reads from 1 to 854 (inclusive).

Starting mhap precompute.

Running with these settings:
--filter-threshold = 5.0E-6
--help = false
--max-shift = 0.2
--min-olap-length = 500
--min-store-length = 0
--no-rc = false
--no-self = false
--no-tf = false
--num-hashes = 768
--num-min-matches = 2
--num-threads = 16
--ordered-kmer-size = 12
--ordered-sketch-size = 1536
--repeat-idf-scale = 10.0
--repeat-weight = 0.9
--settings = 0
--store-full-id = false
--supress-noise = 0
--threshold = 0.78
--version = false
-f = ../../0-mercounts/ecoli.ms16.frequentMers.ignore.gz
-h = false
-k = 16
-p = ./000001.input.fasta
-q = .
-s = 

Reading in filter file ../../0-mercounts/ecoli.ms16.frequentMers.ignore.gz.
Time (s) to read filter file: 0.517003324
Read in k-mer filter for sizes: [16]
Processing FASTA files for binary compression...
Processed 1708 sequences (fwd and rev).
Read, hashed, and stored file ./000001.input.fasta to ./000001.input.dat.
Time (s): 61.200113782
Total time (s): 61.200935544000004
