read	origLen	numOlaps	corLen
3	2255	8	920
10	3205	1	10	no_children
15	2173	1	6	no_children
16	11231	8	75
17	3675	3	16
24	12196	1	1057	no_children
31	13734	1	1146	no_children
35	2680	1	4	no_children
48	2947	1	5	no_children
61	3435	7	12
62	2753	3	623
68	4216	1	50	no_children
91	2278	1	1343	no_children
95	1076	1	10	no_children
104	28490	1	1106	no_children
105	3811	1	6	no_children
107	10605	1	1168	no_children
111	7090	1	6	no_children
112	2821	1	6	no_children
114	11081	1	12	no_children
115	5970	12	96
127	14743	1	2833	no_children
129	2101	2	15
138	2289	1	6	no_children
139	8572	1	260	no_children
148	2208	24	70
154	4510	2	1346
156	5007	1	523	no_children
163	3407	10	3406
177	2489	2	15
180	1455	1	10	no_children
184	11557	1	435	no_children
191	1526	8	53
201	2497	1	6	no_children
203	35909	23	35908
204	7824	18	7813
216	2194	6	1457
227	4811	1	78	no_children
229	3299	1	11	no_children
236	4027	1	5	no_children
249	3486	1	6	no_children
257	4069	1	195	no_children
265	2612	1	5	no_children
275	2408	18	2202
282	3480	3	3280
286	10204	16	10193
291	7536	1	7309	no_children
296	3312	3	488
298	4667	1	4496	no_children
300	2782	1	10	no_children
306	1679	2	1575
308	1401	3	1390
312	9177	1	706	no_children
316	3730	2	17
327	7796	2	70
328	9646	1	20	no_children
336	19021	2	19010
338	4309	1	4	no_children
343	11896	2	16
344	7379	1	30	no_children
348	3889	1	4	no_children
353	10097	5	20
357	9473	10	9472
359	8798	6	8797
361	19282	5	19271
363	4070	1	1319	no_children
366	16721	5	16235
367	14614	1	6	no_children
368	2961	1	2065	no_children
369	11839	5	11766
370	2274	1	10	no_children
371	1039	2	30
377	1289	8	12
378	11756	2	11745
380	10324	2	10194
381	23253	4	23082
382	4068	2	4057
384	1028	2	832
387	40643	4	40180
388	37215	1	26672	no_children
390	27131	1	26208	no_children
400	4910	2	1767
408	27546	4	27535
411	2441	2	11
412	21591	5	21580
413	4569	1	496	no_children
414	25833	3	25822
415	3454	1	10	no_children
416	2966	1	135	no_children
419	2206	1	44	no_children
421	5215	1	330	no_children
423	1421	1	10	no_children
424	1645	1	5	no_children
426	4989	3	4684
427	1033	5	48
430	2972	7	2961
434	13276	9	13265
435	16931	3	1319
436	8121	4	77
439	18349	3	16
442	4502	1	15	no_children
448	2705	1	64	no_children
449	2756	1	9	no_children
451	1345	14	100
452	2067	2	40
453	2871	1	4	no_children
468	3477	3	13
469	2914	1	9	no_children
470	6533	1	15	no_children
471	1851	12	51
475	1460	5	1355
476	3652	2	1934
477	3035	2	15
482	7598	1	677	no_children
486	2549	1	8	no_children
491	2364	1	8	no_children
494	8896	4	1233
496	3487	2	3141
498	2333	3	9
502	4078	4	6
503	1001	1	11	no_children
504	11023	8	11012
505	4811	1	380	no_children
510	1984	4	58
513	2140	5	13
514	6092	3	67
515	11318	3	5491
516	1051	2	828
521	11290	1	6403	no_children
522	2409	9	1950
526	7081	2	16
529	7722	1	6	no_children
533	1375	2	652
538	3665	21	80
540	12193	1	475	no_children
544	2385	3	2034
546	13639	6	13592
549	8401	2	8390
550	1053	1	10	no_children
551	1575	2	960
556	22424	1	22052	no_children
559	1882	14	342
561	2004	1	1976	no_children
562	1728	12	61
563	1293	2	11
564	15687	1	15581	no_children
565	2013	1	6	no_children
567	8974	1	48	no_children
569	1574	12	30
571	3831	6	18
572	6883	1	36	no_children
576	6044	2	68
577	13076	2	11779
579	1467	1	231	no_children
580	1095	8	1042
584	31446	11	31435
594	2231	12	1451
595	7202	1	531	no_children
596	2277	3	116
597	8760	1	10	no_children
598	6452	1	6	no_children
599	2750	2	9
602	2657	1	10	no_children
604	1664	12	76
605	4430	18	59
610	2625	1	11	no_children
611	31224	1	9855	no_children
614	9475	1	9331	no_children
615	6824	1	6	no_children
631	1361	3	14
635	3155	11	2753
639	9691	3	8247
640	2120	10	69
642	8960	4	8942
646	2753	1	6	no_children
647	2855	1	4	no_children
648	5474	1	12	no_children
656	14899	1	84	no_children
657	10774	2	25
658	9246	1	30	no_children
661	3169	1	65	no_children
662	3868	2	7
663	2658	6	20
667	3286	1	948	no_children
670	3297	1	4	no_children
671	2003	4	1991
673	3314	1	8	no_children
674	2286	4	231
675	14106	1	1133	no_children
678	2229	2	15
680	9094	1	775	no_children
683	2316	9	2305
684	8592	8	8581
687	48621	8	47679
688	1536	1	6	no_children
691	3150	3	312
696	17320	1	110	no_children
698	14968	7	14957
699	50558	7	50547
704	15981	1	24	no_children
705	3001	1	5	no_children
709	4516	13	76
719	5004	1	11	no_children
721	4302	3	10
725	4084	1	11	no_children
740	1172	5	7
751	7751	1	13	no_children
754	33298	6	33287
755	1725	22	48
759	3091	1	6	no_children
761	2147	10	42
765	6313	1	76	no_children
767	2528	4	40
783	8200	1	19	no_children
787	20343	5	19833
794	1502	11	81
795	6772	2	6
801	1876	8	32
802	14961	1	1351	no_children
809	2477	4	1003
823	4175	3	17
833	5108	1	14	no_children
837	1778	2	695
849	6968	1	5	no_children
853	6022	1	5	no_children
854	7665	1	26	no_children
